"\C-?":            backward-delete-char
"\C-@":            set-mark
"\C-]":            character-search
"\C-_":            undo
"\C-a":            beginning-of-line
"\C-b":            backward-char
"\C-d":            delete-char
"\C-e":            end-of-line
"\C-f":            forward-char
"\C-g":            abort
"\C-h":            backward-delete-char
"\C-i":            complete
"\C-j":            accept-line
"\C-k":            kill-line
"\C-l":            clear-screen
"\C-m":            accept-line
"\C-n":            next-history
"\C-o":            operate-and-get-next
"\C-p":            previous-history
"\C-q":            quoted-insert
"\C-r":            reverse-search-history
"\C-s":            forward-search-history
"\C-t":            transpose-chars
"\C-u":            unix-line-discard
"\C-v":            quoted-insert
"\C-w":            unix-word-rubout
"\C-x!":           possible-command-completions
"\C-x$":           possible-variable-completions
"\C-x(":           start-kbd-macro
"\C-x)":           end-kbd-macro
"\C-x*":           glob-expand-word
"\C-x/":           possible-filename-completions
"\C-x@":           possible-hostname-completions
"\C-xA":           do-lowercase-version
"\C-xB":           do-lowercase-version
"\C-xC":           do-lowercase-version
"\C-xD":           do-lowercase-version
"\C-xE":           do-lowercase-version
"\C-xF":           do-lowercase-version
"\C-xG":           do-lowercase-version
"\C-xH":           do-lowercase-version
"\C-xI":           do-lowercase-version
"\C-xJ":           do-lowercase-version
"\C-xK":           do-lowercase-version
"\C-xL":           do-lowercase-version
"\C-xM":           do-lowercase-version
"\C-xN":           do-lowercase-version
"\C-xO":           do-lowercase-version
"\C-xP":           do-lowercase-version
"\C-xQ":           do-lowercase-version
"\C-xR":           do-lowercase-version
"\C-xS":           do-lowercase-version
"\C-xT":           do-lowercase-version
"\C-xU":           do-lowercase-version
"\C-xV":           do-lowercase-version
"\C-xW":           do-lowercase-version
"\C-xX":           do-lowercase-version
"\C-xY":           do-lowercase-version
"\C-xZ":           do-lowercase-version
"\C-x\C-?":        backward-kill-line
"\C-x\C-e":        edit-and-execute-command
"\C-x\C-g":        abort
"\C-x\C-r":        re-read-init-file
"\C-x\C-u":        undo
"\C-x\C-v":        display-shell-version
"\C-x\C-x":        exchange-point-and-mark
"\C-xe":           call-last-kbd-macro
"\C-xg":           glob-list-expansions
"\C-x~":           possible-username-completions
"\C-y":            yank
"\\":              self-insert
"\e                ": set-mark
"\e!":             complete-command
"\e#":             insert-comment
"\e$":             complete-variable
"\e&":             tilde-expand
"\e*":             insert-completions
"\e-":             digit-argument
"\e.":             insert-last-argument
"\e.":             yank-last-arg
"\e/":             complete-filename
"\e0":             digit-argument
"\e1":             digit-argument
"\e2":             digit-argument
"\e3":             digit-argument
"\e4":             digit-argument
"\e5":             digit-argument
"\e6":             digit-argument
"\e7":             digit-argument
"\e8":             digit-argument
"\e9":             digit-argument
"\e<":             beginning-of-history
"\e=":             possible-completions
"\e>":             end-of-history
"\e?":             possible-completions
"\e@":             complete-hostname
"\eA":             do-lowercase-version
"\eB":             do-lowercase-version
"\eC":             do-lowercase-version
"\eD":             do-lowercase-version
"\eE":             do-lowercase-version
"\eF":             do-lowercase-version
"\eG":             do-lowercase-version
"\eH":             do-lowercase-version
"\eI":             do-lowercase-version
"\eJ":             do-lowercase-version
"\eK":             do-lowercase-version
"\eL":             do-lowercase-version
"\eM":             do-lowercase-version
"\eN":             do-lowercase-version
"\eOA":            previous-history
"\eOB":            next-history
"\eOC":            forward-char
"\eOD":            backward-char
"\eOF":            end-of-line
"\eOH":            beginning-of-line
"\eP":             do-lowercase-version
"\eQ":             do-lowercase-version
"\eR":             do-lowercase-version
"\eS":             do-lowercase-version
"\eT":             do-lowercase-version
"\eU":             do-lowercase-version
"\eV":             do-lowercase-version
"\eW":             do-lowercase-version
"\eX":             do-lowercase-version
"\eY":             do-lowercase-version
"\eZ":             do-lowercase-version
"\e[1~":           beginning-of-line
"\e[3~":           delete-char
"\e[4~":           end-of-line
"\e[A":            previous-history
"\e[B":            next-history
"\e[C":            forward-char
"\e[D":            backward-char
"\e[F":            end-of-line
"\e[H":            beginning-of-line
"\e\C-?":          backward-kill-word
"\e\C-]":          character-search-backward
"\e\C-e":          shell-expand-line
"\e\C-g":          abort
"\e\C-h":          backward-kill-word
"\e\C-i":          dynamic-complete-history
"\e\C-r":          revert-line
"\e\C-y":          yank-nth-arg
"\e\\":            delete-horizontal-space
"\e\e":            complete
"\e^":             history-expand-line
"\e_":             insert-last-argument
"\e_":             yank-last-arg
"\eb":             backward-word
"\ec":             capitalize-word
"\ed":             kill-word
"\ef":             forward-word
"\eg":             glob-complete-word
"\el":             downcase-word
"\en":             non-incremental-forward-search-history
"\ep":             non-incremental-reverse-search-history
"\er":             revert-line
"\et":             transpose-words
"\eu":             upcase-word
"\ey":             yank-pop
"\e{":             complete-into-braces
"\e~":             complete-username
"]":               self-insert
"^":               self-insert
"_":               self-insert
"`":               self-insert
"a":               self-insert
"b":               self-insert
"c":               self-insert
"d":               self-insert
"e":               self-insert
"f":               self-insert
"g":               self-insert
"h":               self-insert
"i":               self-insert
"j":               self-insert
"k":               self-insert
"l":               self-insert
"m":               self-insert
"n":               self-insert
"o":               self-insert
"p":               self-insert
"q":               self-insert
"r":               self-insert
"s":               self-insert
"t":               self-insert
"u":               self-insert
"v":               self-insert
"w":               self-insert
"x":               self-insert
"y":               self-insert
"z":               self-insert
"{":               self-insert
"|":               self-insert
"}":               self-insert
"~":               self-insert
" ":               self-insert
"¡":               self-insert
"¢":               self-insert
"£":               self-insert
"¤":               self-insert
"¥":               self-insert
"¦":               self-insert
"§":               self-insert
"¨":               self-insert
"©":               self-insert
"ª":               self-insert
"«":               self-insert
"¬":               self-insert
"­":               self-insert
"®":               self-insert
"¯":               self-insert
"°":               self-insert
"±":               self-insert
"²":               self-insert
"³":               self-insert
"´":               self-insert
"µ":               self-insert
"¶":               self-insert
"·":               self-insert
"¸":               self-insert
"¹":               self-insert
"º":               self-insert
"»":               self-insert
"¼":               self-insert
"½":               self-insert
"¾":               self-insert
"¿":               self-insert
"À":               self-insert
"Á":               self-insert
"Â":               self-insert
"Ã":               self-insert
"Ä":               self-insert
"Å":               self-insert
"Æ":               self-insert
"Ç":               self-insert
"È":               self-insert
"É":               self-insert
"Ê":               self-insert
"Ë":               self-insert
"Ì":               self-insert
"Í":               self-insert
"Î":               self-insert
"Ï":               self-insert
"Ð":               self-insert
"Ñ":               self-insert
"Ò":               self-insert
"Ó":               self-insert
"Ô":               self-insert
"Õ":               self-insert
"Ö":               self-insert
"×":               self-insert
"Ø":               self-insert
"Ù":               self-insert
"Ú":               self-insert
"Û":               self-insert
"Ü":               self-insert
"Ý":               self-insert
"Þ":               self-insert
"ß":               self-insert
"à":               self-insert
"á":               self-insert
"â":               self-insert
"ã":               self-insert
"ä":               self-insert
"å":               self-insert
"æ":               self-insert
"ç":               self-insert
"è":               self-insert
"é":               self-insert
"ê":               self-insert
"ë":               self-insert
"ì":               self-insert
"í":               self-insert
"î":               self-insert
"ï":               self-insert
"ð":               self-insert
"ñ":               self-insert
"ò":               self-insert
"ó":               self-insert
"ô":               self-insert
"õ":               self-insert
"ö":               self-insert
"÷":               self-insert
"ø":               self-insert
"ù":               self-insert
"ú":               self-insert
"û":               self-insert
"ü":               self-insert
"ý":               self-insert
"þ":               self-insert
"ÿ":               self-insert
#                  alias-expand-line (not bound)
#                  arrow-key-prefix (not bound)
#                  backward-byte (not bound)
#                  copy-backward-word (not bound)
#                  copy-forward-word (not bound)
#                  copy-region-as-kill (not bound)
#                  dabbrev-expand (not bound)
#                  delete-char-or-list (not bound)
#                  dump-functions (not bound)
#                  dump-macros (not bound)
#                  dump-variables (not bound)
#                  emacs-editing-mode (not bound)
#                  forward-backward-delete-char (not bound)
#                  forward-byte (not bound)
#                  history-and-alias-expand-line (not bound)
#                  history-search-backward (not bound)
#                  history-search-forward (not bound)
#                  history-substring-search-backward (not bound)
#                  history-substring-search-forward (not bound)
#                  kill-region (not bound)
#                  kill-whole-line (not bound)
#                  magic-space (not bound)
#                  menu-complete (not bound)
#                  menu-complete-backward (not bound)
#                  non-incremental-forward-search-history-again (not bound)
#                  non-incremental-reverse-search-history-again (not bound)
#                  old-menu-complete (not bound)
#                  overwrite-mode (not bound)
#                  print-last-kbd-macro (not bound)
#                  redraw-current-line (not bound)
#                  shell-backward-kill-word (not bound)
#                  shell-backward-word (not bound)
#                  shell-forward-word (not bound)
#                  shell-kill-word (not bound)
#                  skip-csi-sequence (not bound)
#                  tab-insert (not bound)
#                  tty-status (not bound)
#                  universal-argument (not bound)
#                  unix-filename-rubout (not bound)
#                  vi-append-eol (not bound)
#                  vi-append-mode (not bound)
#                  vi-arg-digit (not bound)
#                  vi-bWord (not bound)
#                  vi-back-to-indent (not bound)
#                  vi-backward-bigword (not bound)
#                  vi-backward-word (not bound)
#                  vi-bword (not bound)
#                  vi-change-case (not bound)
#                  vi-change-char (not bound)
#                  vi-change-to (not bound)
#                  vi-char-search (not bound)
#                  vi-column (not bound)
#                  vi-complete (not bound)
#                  vi-delete (not bound)
#                  vi-delete-to (not bound)
#                  vi-eWord (not bound)
#                  vi-editing-mode (not bound)
#                  vi-end-bigword (not bound)
#                  vi-end-word (not bound)
#                  vi-eof-maybe (not bound)
#                  vi-eword (not bound)
#                  vi-fWord (not bound)
#                  vi-fetch-history (not bound)
#                  vi-first-print (not bound)
#                  vi-forward-bigword (not bound)
#                  vi-forward-word (not bound)
#                  vi-fword (not bound)
#                  vi-goto-mark (not bound)
#                  vi-insert-beg (not bound)
#                  vi-insertion-mode (not bound)
#                  vi-match (not bound)
#                  vi-movement-mode (not bound)
#                  vi-next-word (not bound)
#                  vi-overstrike (not bound)
#                  vi-overstrike-delete (not bound)
#                  vi-prev-word (not bound)
#                  vi-put (not bound)
#                  vi-redo (not bound)
#                  vi-replace (not bound)
#                  vi-rubout (not bound)
#                  vi-search (not bound)
#                  vi-search-again (not bound)
#                  vi-set-mark (not bound)
#                  vi-subst (not bound)
#                  vi-tilde-expand (not bound)
#                  vi-yank-arg (not bound)
#                  vi-yank-to (not bound)
"                  ": self-insert
"!":               self-insert
"#":               self-insert
"$":               self-insert
"%":               self-insert
"&":               self-insert
"'":               self-insert
"(":               self-insert
")":               self-insert
"*":               self-insert
"+":               self-insert
",":               self-insert
"-":               self-insert
".":               self-insert
"/":               self-insert
"0":               self-insert
"1":               self-insert
"2":               self-insert
"3":               self-insert
"4":               self-insert
"5":               self-insert
"6":               self-insert
"7":               self-insert
"8":               self-insert
"9":               self-insert
":":               self-insert
";":               self-insert
"<":               self-insert
"=":               self-insert
">":               self-insert
"?":               self-insert
"@":               self-insert
"A":               self-insert
"B":               self-insert
"C":               self-insert
"D":               self-insert
"E":               self-insert
"F":               self-insert
"G":               self-insert
"H":               self-insert
"I":               self-insert
"J":               self-insert
"K":               self-insert
"L":               self-insert
"M":               self-insert
"N":               self-insert
"O":               self-insert
"P":               self-insert
"Q":               self-insert
"R":               self-insert
"S":               self-insert
"T":               self-insert
"U":               self-insert
"V":               self-insert
"W":               self-insert
"X":               self-insert
"Y":               self-insert
"Z":               self-insert
"[":               self-insert
"\"":              self-insert
"\200":            self-insert
"\201":            self-insert
"\202":            self-insert
"\203":            self-insert
"\204":            self-insert
"\205":            self-insert
"\206":            self-insert
"\207":            self-insert
"\210":            self-insert
"\211":            self-insert
"\212":            self-insert
"\213":            self-insert
"\214":            self-insert
"\215":            self-insert
"\216":            self-insert
"\217":            self-insert
"\220":            self-insert
"\221":            self-insert
"\222":            self-insert
"\223":            self-insert
"\224":            self-insert
"\225":            self-insert
"\226":            self-insert
"\227":            self-insert
"\230":            self-insert
"\231":            self-insert
"\232":            self-insert
"\233":            self-insert
"\234":            self-insert
"\235":            self-insert
"\236":            self-insert
"\237":            self-insert
